 Data for JOB [13595,1] offset 0 Total slots allocated 1

 ========================   JOB MAP   ========================

 Data for node: aeb08224ab59	Num slots: 1	Max slots: 0	Num procs: 1
 	Process OMPI jobid: [13595,1] App: 0 Process rank: 0 Bound: N/A

 =============================================================
/usr/local/lib/python3.6/site-packages/tensorflow/python/framework/dtypes.py:516: FutureWarning: Passing (type, 1) or '1type' as a synonym of type is deprecated; in a future version of numpy, it will be understood as (type, (1,)) / '(1,)type'.
  _np_qint8 = np.dtype([("qint8", np.int8, 1)])
/usr/local/lib/python3.6/site-packages/tensorflow/python/framework/dtypes.py:517: FutureWarning: Passing (type, 1) or '1type' as a synonym of type is deprecated; in a future version of numpy, it will be understood as (type, (1,)) / '(1,)type'.
  _np_quint8 = np.dtype([("quint8", np.uint8, 1)])
/usr/local/lib/python3.6/site-packages/tensorflow/python/framework/dtypes.py:518: FutureWarning: Passing (type, 1) or '1type' as a synonym of type is deprecated; in a future version of numpy, it will be understood as (type, (1,)) / '(1,)type'.
  _np_qint16 = np.dtype([("qint16", np.int16, 1)])
/usr/local/lib/python3.6/site-packages/tensorflow/python/framework/dtypes.py:519: FutureWarning: Passing (type, 1) or '1type' as a synonym of type is deprecated; in a future version of numpy, it will be understood as (type, (1,)) / '(1,)type'.
  _np_quint16 = np.dtype([("quint16", np.uint16, 1)])
/usr/local/lib/python3.6/site-packages/tensorflow/python/framework/dtypes.py:520: FutureWarning: Passing (type, 1) or '1type' as a synonym of type is deprecated; in a future version of numpy, it will be understood as (type, (1,)) / '(1,)type'.
  _np_qint32 = np.dtype([("qint32", np.int32, 1)])
/usr/local/lib/python3.6/site-packages/tensorflow/python/framework/dtypes.py:525: FutureWarning: Passing (type, 1) or '1type' as a synonym of type is deprecated; in a future version of numpy, it will be understood as (type, (1,)) / '(1,)type'.
  np_resource = np.dtype([("resource", np.ubyte, 1)])
/usr/local/lib/python3.6/site-packages/tensorboard/compat/tensorflow_stub/dtypes.py:541: FutureWarning: Passing (type, 1) or '1type' as a synonym of type is deprecated; in a future version of numpy, it will be understood as (type, (1,)) / '(1,)type'.
  _np_qint8 = np.dtype([("qint8", np.int8, 1)])
/usr/local/lib/python3.6/site-packages/tensorboard/compat/tensorflow_stub/dtypes.py:542: FutureWarning: Passing (type, 1) or '1type' as a synonym of type is deprecated; in a future version of numpy, it will be understood as (type, (1,)) / '(1,)type'.
  _np_quint8 = np.dtype([("quint8", np.uint8, 1)])
/usr/local/lib/python3.6/site-packages/tensorboard/compat/tensorflow_stub/dtypes.py:543: FutureWarning: Passing (type, 1) or '1type' as a synonym of type is deprecated; in a future version of numpy, it will be understood as (type, (1,)) / '(1,)type'.
  _np_qint16 = np.dtype([("qint16", np.int16, 1)])
/usr/local/lib/python3.6/site-packages/tensorboard/compat/tensorflow_stub/dtypes.py:544: FutureWarning: Passing (type, 1) or '1type' as a synonym of type is deprecated; in a future version of numpy, it will be understood as (type, (1,)) / '(1,)type'.
  _np_quint16 = np.dtype([("quint16", np.uint16, 1)])
/usr/local/lib/python3.6/site-packages/tensorboard/compat/tensorflow_stub/dtypes.py:545: FutureWarning: Passing (type, 1) or '1type' as a synonym of type is deprecated; in a future version of numpy, it will be understood as (type, (1,)) / '(1,)type'.
  _np_qint32 = np.dtype([("qint32", np.int32, 1)])
/usr/local/lib/python3.6/site-packages/tensorboard/compat/tensorflow_stub/dtypes.py:550: FutureWarning: Passing (type, 1) or '1type' as a synonym of type is deprecated; in a future version of numpy, it will be understood as (type, (1,)) / '(1,)type'.
  np_resource = np.dtype([("resource", np.ubyte, 1)])
WARNING:tensorflow:From /usr/local/lib64/python3.6/site-packages/horovod/tensorflow/__init__.py:107: The name tf.train.SessionRunHook is deprecated. Please use tf.estimator.SessionRunHook instead.

WARNING:tensorflow:From /usr/local/lib64/python3.6/site-packages/horovod/tensorflow/__init__.py:141: The name tf.train.Optimizer is deprecated. Please use tf.compat.v1.train.Optimizer instead.

WARNING:tensorflow:From /usr/local/lib/python3.6/site-packages/rl_framework/learner/__init__.py:16: The name tf.logging.set_verbosity is deprecated. Please use tf.compat.v1.logging.set_verbosity instead.

WARNING:tensorflow:From /usr/local/lib/python3.6/site-packages/rl_framework/learner/__init__.py:16: The name tf.logging.ERROR is deprecated. Please use tf.compat.v1.logging.ERROR instead.

[aeb08224ab59:372032] MCW rank 0 is not bound (or bound to all available processors)
/bin/sh: nvidia-smi: command not found
sample process learner_index:0 process_index:0 pid:372058
sample process learner_index:0 process_index:1 pid:372059
[BatchProcess::__process_run] process_index:0 pid:372060
[BatchProcess::__process_run] process_index:1 pid:372061
t shape (8192, 32)
t shape (8192, 32)
t shape (8192, 32)
t shape (8192, 32)
t shape (8192, 32)
t shape (8192, 32)
t shape (8192, 32)
t shape (8192, 32)
2022-12-02 22:22:40.140346: I tensorflow/core/platform/cpu_feature_guard.cc:142] Your CPU supports instructions that this TensorFlow binary was not compiled to use: AVX2 FMA
2022-12-02 22:22:40.155050: I tensorflow/core/platform/profile_utils/cpu_utils.cc:94] CPU Frequency: 2894570000 Hz
2022-12-02 22:22:40.157669: I tensorflow/compiler/xla/service/service.cc:168] XLA service 0x3cfdb60 executing computations on platform Host. Devices:
2022-12-02 22:22:40.157776: I tensorflow/compiler/xla/service/service.cc:175]   StreamExecutor device (0): <undefined>, <undefined>
[Debug] The sample is less than half the capacity 0 100
[Debug] The sample is less than half the capacity 0 100
[Debug] The sample is less than half the capacity 0 100
[Debug] The sample is less than half the capacity 0 100
[Debug] The sample is less than half the capacity 0 100
[Debug] The sample is less than half the capacity 0 100
[Debug] The sample is less than half the capacity 0 100
[Debug] The sample is less than half the capacity 0 100
[Debug] The sample is less than half the capacity 0 100
[Debug] The sample is less than half the capacity 0 100
[Debug] The sample is less than half the capacity 0 100
[Debug] The sample is less than half the capacity 0 100
[Debug] The sample is less than half the capacity 0 100
[Debug] The sample is less than half the capacity 0 100
[Debug] The sample is less than half the capacity 0 100
[Debug] The sample is less than half the capacity 0 100
[Debug] The sample is less than half the capacity 0 100
[Debug] The sample is less than half the capacity 0 100
[Debug] The sample is less than half the capacity 0 100
[Debug] The sample is less than half the capacity 0 100
[Debug] The sample is less than half the capacity 0 100
[Debug] The sample is less than half the capacity 0 100
[Debug] The sample is less than half the capacity 0 100
[Debug] The sample is less than half the capacity 0 100
