[2022-12-02 22:22:18] init dir
[2022-12-02 22:22:18] start run set_gpu.sh
./config.conf: line 1: [main]: command not found
steps:, 157
use_zmq:, 0
use_socket:, 0
howe start set_gpu0
gpu_num, 1
actor_num,
gpu_ips, 127.0.0.1
gpu_list, "127.0.0.1:35911"
Nodelist, 127.0.0.1:1
rm: cannot remove '/framework/send_model/mcp_opporation_tools/current.iplist': No such file or directory
kill: sending signal to 371893 failed: No such process
[2022-12-02 22:22:33] start rl learner
[2022-12-02 22:22:33] start monitor
[2022-12-02 22:24:33] will run backup
[2022-12-02 22:24:33] will get last back checkpoint file
[2022-12-02 22:24:33] no checkpoint file
[2022-12-02 22:24:34] will clean dir: /code/code/gpu_code/send_model/model, num: 20
[2022-12-02 22:24:34] find /code/code/gpu_code/send_model/model files num: 0
[2022-12-02 22:24:35] 
[2022-12-02 22:24:35] will clean dir: /code/model_bkup, num: 20
[2022-12-02 22:24:35] find /code/model_bkup files num: 0
[2022-12-02 22:24:36] 
